<?xml version="1.0" encoding="UTF-8"?>
<testsuite xmlns:xsi="http://www.w3.org/2001/XMLSchema-instance" xsi:noNamespaceSchemaLocation="https://maven.apache.org/surefire/maven-surefire-plugin/xsd/surefire-test-report-3.0.xsd" version="3.0" name="Base.GameTest" time="0.755" tests="6" errors="0" skipped="0" failures="0">
  <properties>
[...]
</properties>
  <testcase name="isHerodead" classname="Base.GameTest" time="0.042">
    <system-out><![CDATA[------- SQL HIBA: Communications link failure

The last packet sent successfully to the server was 0 milliseconds ago. The driver has not received any packets from the server.
]]></system-out>
  </testcase>
  <testcase name="isWin" classname="Base.GameTest" time="0.027">
    <system-out><![CDATA[------- SQL HIBA: Communications link failure

The last packet sent successfully to the server was 0 milliseconds ago. The driver has not received any packets from the server.
]]></system-out>
  </testcase>
  <testcase name="testStateLoader" classname="Base.GameTest" time="0.531">
    <system-out><![CDATA[------- SQL HIBA: Communications link failure

The last packet sent successfully to the server was 0 milliseconds ago. The driver has not received any packets from the server.
]]></system-out>
  </testcase>
  <testcase name="testRandomGenerator" classname="Base.GameTest" time="0.017">
    <system-out><![CDATA[------- SQL HIBA: Communications link failure

The last packet sent successfully to the server was 0 milliseconds ago. The driver has not received any packets from the server.
]]></system-out>
  </testcase>
  <testcase name="testSaveState" classname="Base.GameTest" time="0.096">
    <system-out><![CDATA[------- SQL HIBA: Communications link failure

The last packet sent successfully to the server was 0 milliseconds ago. The driver has not received any packets from the server.
]]></system-out>
  </testcase>
  <testcase name="testDrawRandomMap" classname="Base.GameTest" time="0.033">
    <system-out><![CDATA[------- SQL HIBA: Communications link failure

The last packet sent successfully to the server was 0 milliseconds ago. The driver has not received any packets from the server.
   ABCDEFGHIJKLMN
 0 ▄▄▄▄▄▄▄▄▄▄▄▄▄▄     Arany:  0 / 1
 1 █_________U__█     Nyilak: 2
 2 █__U_________█     Wumpus: 2
 3 █_________H__█     Irány:  North, x: 10, y:  3
 4 █____________█
 5 █____________█
 6 █____________█
 7 █____________█
 8 █________G___█
 9 █____________█
10 █____________█
11 █____________█
12 █____________█
13 ▀▀▀▀▀▀▀▀▀▀▀▀▀▀
]]></system-out>
  </testcase>
</testsuite>